lib_share/build/intermediates/manifest_merge_blame_file/debug/manifest-merger-blame-debug-report.txt
1<?xml version="1.0" encoding="utf-8"?>
2<manifest xmlns:android="http://schemas.android.com/apk/res/android"
3    package="com.wu.lib_share"
4    android:versionCode="1"
5    android:versionName="1.0" >
6
7    <uses-sdk
8        android:minSdkVersion="19"
8-->src/main/AndroidManifest.xml
9        android:targetSdkVersion="29" />
9-->src/main/AndroidManifest.xml
10
11    <uses-permission android:name="android.permission.INTERNET" />
11-->src/main/AndroidManifest.xml:4:5-67
11-->src/main/AndroidManifest.xml:4:22-64
12    <uses-permission android:name="android.permission.GET_TASKS" />
12-->src/main/AndroidManifest.xml:5:5-68
12-->src/main/AndroidManifest.xml:5:22-65
13    <uses-permission android:name="android.permission.ACCESS_WIFI_STATE" />
13-->src/main/AndroidManifest.xml:6:5-76
13-->src/main/AndroidManifest.xml:6:22-73
14    <uses-permission android:name="android.permission.ACCESS_NETWORK_STATE" />
14-->src/main/AndroidManifest.xml:7:5-79
14-->src/main/AndroidManifest.xml:7:22-76
15    <uses-permission android:name="android.permission.CHANGE_WIFI_STATE" />
15-->src/main/AndroidManifest.xml:8:5-76
15-->src/main/AndroidManifest.xml:8:22-73
16    <uses-permission android:name="android.permission.MANAGE_ACCOUNTS" />
16-->src/main/AndroidManifest.xml:9:5-74
16-->src/main/AndroidManifest.xml:9:22-71
17    <uses-permission android:name="android.permission.GET_ACCOUNTS" />
17-->src/main/AndroidManifest.xml:10:5-71
17-->src/main/AndroidManifest.xml:10:22-68
18
19    <application
19-->src/main/AndroidManifest.xml:13:5-43:19
20        android:allowBackup="true"
20-->src/main/AndroidManifest.xml:14:9-35
21        android:label="@string/app_name" >
21-->src/main/AndroidManifest.xml:15:9-41
22
23        <!-- shareSDK -->
24        <activity
24-->src/main/AndroidManifest.xml:18:9-34:20
25            android:name="com.mob.tools.MobUIShell"
25-->src/main/AndroidManifest.xml:19:13-52
26            android:configChanges="keyboardHidden|orientation|screenSize"
26-->src/main/AndroidManifest.xml:20:13-74
27            android:screenOrientation="portrait"
27-->src/main/AndroidManifest.xml:21:13-49
28            android:theme="@android:style/Theme.Translucent.NoTitleBar"
28-->src/main/AndroidManifest.xml:22:13-72
29            android:windowSoftInputMode="stateHidden|adjustResize" >
29-->src/main/AndroidManifest.xml:23:13-67
30
31            <!-- QQ和QQ空间分享 QQ登录的回调必须要配置的 -->
32            <intent-filter>
32-->src/main/AndroidManifest.xml:26:13-33:29
33                <data android:scheme="tencent1104917113" />
33-->src/main/AndroidManifest.xml:27:17-60
33-->src/main/AndroidManifest.xml:27:23-57
34
35                <action android:name="android.intent.action.VIEW" />
35-->src/main/AndroidManifest.xml:29:17-69
35-->src/main/AndroidManifest.xml:29:25-66
36
37                <category android:name="android.intent.category.BROWSABLE" />
37-->src/main/AndroidManifest.xml:31:17-78
37-->src/main/AndroidManifest.xml:31:27-75
38                <category android:name="android.intent.category.DEFAULT" />
38-->src/main/AndroidManifest.xml:32:17-76
38-->src/main/AndroidManifest.xml:32:27-73
39            </intent-filter>
40        </activity>
41        <!-- 微信分享回调 -->
42        <activity
42-->src/main/AndroidManifest.xml:36:9-41:75
43            android:name="com.youdu.wxapi.WXEntryActivity"
43-->src/main/AndroidManifest.xml:37:13-59
44            android:configChanges="keyboardHidden|orientation|screenSize"
44-->src/main/AndroidManifest.xml:38:13-74
45            android:exported="true"
45-->src/main/AndroidManifest.xml:39:13-36
46            android:screenOrientation="portrait"
46-->src/main/AndroidManifest.xml:40:13-49
47            android:theme="@android:style/Theme.Translucent.NoTitleBar" />
47-->src/main/AndroidManifest.xml:41:13-72
48    </application>
49
50</manifest>